<?xml version="1.0" encoding="UTF-8"?>
<!-- Generated by org.testng.reporters.JUnitReportReporter -->
<testsuite skipped="0" hostname="DESKTOP-RG7KJ9O" name="com.trip.testCases.softAssertiontest" tests="1" failures="0" timestamp="28 Feb 2021 11:03:57 GMT" time="0.023" errors="0">
  <testcase name="test1" time="0.023" classname="com.trip.testCases.softAssertiontest"/>
</testsuite> <!-- com.trip.testCases.softAssertiontest -->
