<?xml version="1.0" encoding="UTF-8"?>
<!-- Generated by org.testng.reporters.JUnitReportReporter -->
<testsuite skipped="0" hostname="DESKTOP-RG7KJ9O" name="com.trip.testCases.TC_001_LoginTest" tests="1" failures="0" timestamp="28 Feb 2021 11:33:28 GMT" time="2.811" errors="0">
  <testcase name="loginTest" time="2.811" classname="com.trip.testCases.TC_001_LoginTest"/>
</testsuite> <!-- com.trip.testCases.TC_001_LoginTest -->
