<?xml version="1.0" encoding="UTF-8"?>
<!-- Generated by org.testng.reporters.JUnitReportReporter -->
<testsuite skipped="0" hostname="DESKTOP-RG7KJ9O" name="com.trip.testCases.TC_002_LoginDD" tests="1" failures="0" timestamp="28 Feb 2021 11:33:28 GMT" time="24.801" errors="0">
  <testcase name="loginDataDriven" time="24.801" classname="com.trip.testCases.TC_002_LoginDD"/>
</testsuite> <!-- com.trip.testCases.TC_002_LoginDD -->
